{"uuid": "aeb4f363-674f-4a7c-8b09-a2341cdefe18", "children": ["6f0719a4-8e1e-41e5-b557-27c0009c347b"], "befores": [{"name": "setup_login_test", "status": "broken", "statusDetails": {"message": "selenium.common.exceptions.TimeoutException: Message: \nStacktrace:\n\tGetHandleVerifier [0x00007FF780AEAD22+56930]\n\t(No symbol) [0x00007FF780A5F622]\n\t(No symbol) [0x00007FF7809142E5]\n\t(No symbol) [0x00007FF7809598ED]\n\t(No symbol) [0x00007FF780959A2C]\n\t(No symbol) [0x00007FF78099A967]\n\t(No symbol) [0x00007FF78097BCDF]\n\t(No symbol) [0x00007FF7809981E2]\n\t(No symbol) [0x00007FF78097BA43]\n\t(No symbol) [0x00007FF78094D438]\n\t(No symbol) [0x00007FF78094E4D1]\n\tGetHandleVerifier [0x00007FF780E66AAD+3709933]\n\tGetHandleVerifier [0x00007FF780EBFFED+4075821]\n\tGetHandleVerifier [0x00007FF780EB817F+4043455]\n\tGetHandleVerifier [0x00007FF780B89756+706710]\n\t(No symbol) [0x00007FF780A6B8FF]\n\t(No symbol) [0x00007FF780A66AE4]\n\t(No symbol) [0x00007FF780A66C3C]\n\t(No symbol) [0x00007FF780A568F4]\n\tBaseThreadInitThunk [0x00007FFDD076257D+29]\n\tRtlUserThreadStart [0x00007FFDD1C8AA58+40]\n\n", "trace": "  File \"C:\\Users\\benik\\PycharmProjects\\pythonAutomationStore\\.venv\\Lib\\site-packages\\pluggy\\_callers.py\", line 137, in _multicall\n    teardown.throw(outcome._exception)\n  File \"C:\\Users\\benik\\PycharmProjects\\pythonAutomationStore\\.venv\\Lib\\site-packages\\_pytest\\setuponly.py\", line 36, in pytest_fixture_setup\n    return (yield)\n            ^^^^^\n  File \"C:\\Users\\benik\\PycharmProjects\\pythonAutomationStore\\.venv\\Lib\\site-packages\\pluggy\\_callers.py\", line 77, in _multicall\n    res = hook_impl.function(*args)\n          ^^^^^^^^^^^^^^^^^^^^^^^^^\n  File \"C:\\Users\\benik\\PycharmProjects\\pythonAutomationStore\\.venv\\Lib\\site-packages\\_pytest\\fixtures.py\", line 1140, in pytest_fixture_setup\n    result = call_fixture_func(fixturefunc, request, kwargs)\n             ^^^^^^^^^^^^^^^^^^^^^^^^^^^^^^^^^^^^^^^^^^^^^^^\n  File \"C:\\Users\\benik\\PycharmProjects\\pythonAutomationStore\\.venv\\Lib\\site-packages\\_pytest\\fixtures.py\", line 917, in call_fixture_func\n    fixture_result = fixturefunc(**kwargs)\n                     ^^^^^^^^^^^^^^^^^^^^^\n  File \"C:\\Users\\benik\\PycharmProjects\\pythonAutomationStore\\tests\\account_test.py\", line 26, in setup_login_test\n    top_bar_page.click_switch_dropdown_list_my_account()\n  File \"C:\\Users\\benik\\PycharmProjects\\pythonAutomationStore\\.venv\\Lib\\site-packages\\allure_commons\\_allure.py\", line 192, in impl\n    return func(*a, **kw)\n           ^^^^^^^^^^^^^^\n  File \"C:\\Users\\benik\\PycharmProjects\\pythonAutomationStore\\pages\\top_bar.py\", line 79, in click_switch_dropdown_list_my_account\n    self.click(self.SWITCH_DROP_LIST_BTN)\n  File \"C:\\Users\\benik\\PycharmProjects\\pythonAutomationStore\\pages\\base_page.py\", line 36, in click\n    el: WebElement = self.wait_for_element_clickable(*locator)\n                     ^^^^^^^^^^^^^^^^^^^^^^^^^^^^^^^^^^^^^^^^^\n  File \"C:\\Users\\benik\\PycharmProjects\\pythonAutomationStore\\pages\\base_page.py\", line 33, in wait_for_element_clickable\n    return self.wait.until(EC.element_to_be_clickable((by, value)))\n           ^^^^^^^^^^^^^^^^^^^^^^^^^^^^^^^^^^^^^^^^^^^^^^^^^^^^^^^^\n  File \"C:\\Users\\benik\\PycharmProjects\\pythonAutomationStore\\.venv\\Lib\\site-packages\\selenium\\webdriver\\support\\wait.py\", line 105, in until\n    raise TimeoutException(message, screen, stacktrace)\n"}, "steps": [{"name": "Click on the login button", "status": "passed", "start": 1709708356206, "stop": 1709708357260}, {"name": "Click on the switch dropdown list button", "status": "broken", "statusDetails": {"message": "selenium.common.exceptions.TimeoutException: Message: \nStacktrace:\n\tGetHandleVerifier [0x00007FF780AEAD22+56930]\n\t(No symbol) [0x00007FF780A5F622]\n\t(No symbol) [0x00007FF7809142E5]\n\t(No symbol) [0x00007FF7809598ED]\n\t(No symbol) [0x00007FF780959A2C]\n\t(No symbol) [0x00007FF78099A967]\n\t(No symbol) [0x00007FF78097BCDF]\n\t(No symbol) [0x00007FF7809981E2]\n\t(No symbol) [0x00007FF78097BA43]\n\t(No symbol) [0x00007FF78094D438]\n\t(No symbol) [0x00007FF78094E4D1]\n\tGetHandleVerifier [0x00007FF780E66AAD+3709933]\n\tGetHandleVerifier [0x00007FF780EBFFED+4075821]\n\tGetHandleVerifier [0x00007FF780EB817F+4043455]\n\tGetHandleVerifier [0x00007FF780B89756+706710]\n\t(No symbol) [0x00007FF780A6B8FF]\n\t(No symbol) [0x00007FF780A66AE4]\n\t(No symbol) [0x00007FF780A66C3C]\n\t(No symbol) [0x00007FF780A568F4]\n\tBaseThreadInitThunk [0x00007FFDD076257D+29]\n\tRtlUserThreadStart [0x00007FFDD1C8AA58+40]\n\n", "trace": "  File \"C:\\Users\\benik\\PycharmProjects\\pythonAutomationStore\\.venv\\Lib\\site-packages\\allure_commons\\_allure.py\", line 192, in impl\n    return func(*a, **kw)\n           ^^^^^^^^^^^^^^\n  File \"C:\\Users\\benik\\PycharmProjects\\pythonAutomationStore\\pages\\top_bar.py\", line 79, in click_switch_dropdown_list_my_account\n    self.click(self.SWITCH_DROP_LIST_BTN)\n  File \"C:\\Users\\benik\\PycharmProjects\\pythonAutomationStore\\pages\\base_page.py\", line 36, in click\n    el: WebElement = self.wait_for_element_clickable(*locator)\n                     ^^^^^^^^^^^^^^^^^^^^^^^^^^^^^^^^^^^^^^^^^\n  File \"C:\\Users\\benik\\PycharmProjects\\pythonAutomationStore\\pages\\base_page.py\", line 33, in wait_for_element_clickable\n    return self.wait.until(EC.element_to_be_clickable((by, value)))\n           ^^^^^^^^^^^^^^^^^^^^^^^^^^^^^^^^^^^^^^^^^^^^^^^^^^^^^^^^\n  File \"C:\\Users\\benik\\PycharmProjects\\pythonAutomationStore\\.venv\\Lib\\site-packages\\selenium\\webdriver\\support\\wait.py\", line 105, in until\n    raise TimeoutException(message, screen, stacktrace)\n"}, "start": 1709708357260, "stop": 1709708382295}], "start": 1709708356205, "stop": 1709708382296}], "start": 1709708356205, "stop": 1709708390540}