{"name": "test_password_change_successes", "status": "broken", "statusDetails": {"message": "selenium.common.exceptions.TimeoutException: Message: \nStacktrace:\n\tGetHandleVerifier [0x00007FF780AEAD22+56930]\n\t(No symbol) [0x00007FF780A5F622]\n\t(No symbol) [0x00007FF7809142E5]\n\t(No symbol) [0x00007FF7809598ED]\n\t(No symbol) [0x00007FF780959A2C]\n\t(No symbol) [0x00007FF78099A967]\n\t(No symbol) [0x00007FF78097BCDF]\n\t(No symbol) [0x00007FF7809981E2]\n\t(No symbol) [0x00007FF78097BA43]\n\t(No symbol) [0x00007FF78094D438]\n\t(No symbol) [0x00007FF78094E4D1]\n\tGetHandleVerifier [0x00007FF780E66AAD+3709933]\n\tGetHandleVerifier [0x00007FF780EBFFED+4075821]\n\tGetHandleVerifier [0x00007FF780EB817F+4043455]\n\tGetHandleVerifier [0x00007FF780B89756+706710]\n\t(No symbol) [0x00007FF780A6B8FF]\n\t(No symbol) [0x00007FF780A66AE4]\n\t(No symbol) [0x00007FF780A66C3C]\n\t(No symbol) [0x00007FF780A568F4]\n\tBaseThreadInitThunk [0x00007FFDD076257D+29]\n\tRtlUserThreadStart [0x00007FFDD1C8AA58+40]", "trace": "self = <tests.account_test.TestMyAccount object at 0x000001C935CD26F0>\n\n    def test_password_change_successes(self):\n>       account_page.click_change_password_btn()\n\naccount_test.py:34: \n_ _ _ _ _ _ _ _ _ _ _ _ _ _ _ _ _ _ _ _ _ _ _ _ _ _ _ _ _ _ _ _ _ _ _ _ _ _ _ _\n..\\pages\\account_page.py:54: in click_change_password_btn\n    self.click(self.CHANGE_PASSWORD_BTN)\n..\\pages\\base_page.py:36: in click\n    el: WebElement = self.wait_for_element_clickable(*locator)\n..\\pages\\base_page.py:33: in wait_for_element_clickable\n    return self.wait.until(EC.element_to_be_clickable((by, value)))\n_ _ _ _ _ _ _ _ _ _ _ _ _ _ _ _ _ _ _ _ _ _ _ _ _ _ _ _ _ _ _ _ _ _ _ _ _ _ _ _\n\nself = <selenium.webdriver.support.wait.WebDriverWait (session=\"aaba9995cf685d4d24653b521c7e05d5\")>\nmethod = <function element_to_be_clickable.<locals>._predicate at 0x000001C935D07BA0>\nmessage = ''\n\n    def until(self, method: Callable[[D], Union[Literal[False], T]], message: str = \"\") -> T:\n        \"\"\"Calls the method provided with the driver as an argument until the \\\n        return value does not evaluate to ``False``.\n    \n        :param method: callable(WebDriver)\n        :param message: optional message for :exc:`TimeoutException`\n        :returns: the result of the last call to `method`\n        :raises: :exc:`selenium.common.exceptions.TimeoutException` if timeout occurs\n        \"\"\"\n        screen = None\n        stacktrace = None\n    \n        end_time = time.monotonic() + self._timeout\n        while True:\n            try:\n                value = method(self._driver)\n                if value:\n                    return value\n            except self._ignored_exceptions as exc:\n                screen = getattr(exc, \"screen\", None)\n                stacktrace = getattr(exc, \"stacktrace\", None)\n            time.sleep(self._poll)\n            if time.monotonic() > end_time:\n                break\n>       raise TimeoutException(message, screen, stacktrace)\nE       selenium.common.exceptions.TimeoutException: Message: \nE       Stacktrace:\nE       \tGetHandleVerifier [0x00007FF780AEAD22+56930]\nE       \t(No symbol) [0x00007FF780A5F622]\nE       \t(No symbol) [0x00007FF7809142E5]\nE       \t(No symbol) [0x00007FF7809598ED]\nE       \t(No symbol) [0x00007FF780959A2C]\nE       \t(No symbol) [0x00007FF78099A967]\nE       \t(No symbol) [0x00007FF78097BCDF]\nE       \t(No symbol) [0x00007FF7809981E2]\nE       \t(No symbol) [0x00007FF78097BA43]\nE       \t(No symbol) [0x00007FF78094D438]\nE       \t(No symbol) [0x00007FF78094E4D1]\nE       \tGetHandleVerifier [0x00007FF780E66AAD+3709933]\nE       \tGetHandleVerifier [0x00007FF780EBFFED+4075821]\nE       \tGetHandleVerifier [0x00007FF780EB817F+4043455]\nE       \tGetHandleVerifier [0x00007FF780B89756+706710]\nE       \t(No symbol) [0x00007FF780A6B8FF]\nE       \t(No symbol) [0x00007FF780A66AE4]\nE       \t(No symbol) [0x00007FF780A66C3C]\nE       \t(No symbol) [0x00007FF780A568F4]\nE       \tBaseThreadInitThunk [0x00007FFDD076257D+29]\nE       \tRtlUserThreadStart [0x00007FFDD1C8AA58+40]\n\n..\\.venv\\Lib\\site-packages\\selenium\\webdriver\\support\\wait.py:105: TimeoutException"}, "steps": [{"name": "Click the Change Password button", "status": "broken", "statusDetails": {"message": "selenium.common.exceptions.TimeoutException: Message: \nStacktrace:\n\tGetHandleVerifier [0x00007FF780AEAD22+56930]\n\t(No symbol) [0x00007FF780A5F622]\n\t(No symbol) [0x00007FF7809142E5]\n\t(No symbol) [0x00007FF7809598ED]\n\t(No symbol) [0x00007FF780959A2C]\n\t(No symbol) [0x00007FF78099A967]\n\t(No symbol) [0x00007FF78097BCDF]\n\t(No symbol) [0x00007FF7809981E2]\n\t(No symbol) [0x00007FF78097BA43]\n\t(No symbol) [0x00007FF78094D438]\n\t(No symbol) [0x00007FF78094E4D1]\n\tGetHandleVerifier [0x00007FF780E66AAD+3709933]\n\tGetHandleVerifier [0x00007FF780EBFFED+4075821]\n\tGetHandleVerifier [0x00007FF780EB817F+4043455]\n\tGetHandleVerifier [0x00007FF780B89756+706710]\n\t(No symbol) [0x00007FF780A6B8FF]\n\t(No symbol) [0x00007FF780A66AE4]\n\t(No symbol) [0x00007FF780A66C3C]\n\t(No symbol) [0x00007FF780A568F4]\n\tBaseThreadInitThunk [0x00007FFDD076257D+29]\n\tRtlUserThreadStart [0x00007FFDD1C8AA58+40]\n\n", "trace": "  File \"C:\\Users\\benik\\PycharmProjects\\pythonAutomationStore\\.venv\\Lib\\site-packages\\allure_commons\\_allure.py\", line 192, in impl\n    return func(*a, **kw)\n           ^^^^^^^^^^^^^^\n  File \"C:\\Users\\benik\\PycharmProjects\\pythonAutomationStore\\pages\\account_page.py\", line 54, in click_change_password_btn\n    self.click(self.CHANGE_PASSWORD_BTN)\n  File \"C:\\Users\\benik\\PycharmProjects\\pythonAutomationStore\\pages\\base_page.py\", line 36, in click\n    el: WebElement = self.wait_for_element_clickable(*locator)\n                     ^^^^^^^^^^^^^^^^^^^^^^^^^^^^^^^^^^^^^^^^^\n  File \"C:\\Users\\benik\\PycharmProjects\\pythonAutomationStore\\pages\\base_page.py\", line 33, in wait_for_element_clickable\n    return self.wait.until(EC.element_to_be_clickable((by, value)))\n           ^^^^^^^^^^^^^^^^^^^^^^^^^^^^^^^^^^^^^^^^^^^^^^^^^^^^^^^^\n  File \"C:\\Users\\benik\\PycharmProjects\\pythonAutomationStore\\.venv\\Lib\\site-packages\\selenium\\webdriver\\support\\wait.py\", line 105, in until\n    raise TimeoutException(message, screen, stacktrace)\n"}, "start": 1709708720465, "stop": 1709708740570}], "attachments": [{"name": "screenshot", "source": "a74af3b7-a5ab-4c87-ae91-fb9f08e813e4-attachment.png", "type": "image/png"}], "start": 1709708720465, "stop": 1709708740575, "uuid": "92c1c25e-25b0-472f-9b40-460b113ae99c", "historyId": "41da1562a5fc3af86f6c179690e197ee", "testCaseId": "41da1562a5fc3af86f6c179690e197ee", "fullName": "account_test.TestMyAccount#test_password_change_successes", "labels": [{"name": "feature", "value": "Cart"}, {"name": "suite", "value": "account_test"}, {"name": "subSuite", "value": "TestMyAccount"}, {"name": "host", "value": "LAPTOP-EV98OK4E"}, {"name": "thread", "value": "9516-MainThread"}, {"name": "framework", "value": "pytest"}, {"name": "language", "value": "cpython3"}, {"name": "package", "value": "account_test"}]}