{"name": "test_apply_discount_code[20poff-Your coupon was successfully applied.]", "status": "broken", "statusDetails": {"message": "selenium.common.exceptions.TimeoutException: Message:", "trace": "self = <tests.checkout_test.TestCheckout object at 0x000001B2F440FFE0>\ndiscount_code = '20poff'\nexpected_message = 'Your coupon was successfully applied.'\n\n    @allure.description(\"Test to apply discount code and verify the result.\")\n    @pytest.mark.parametrize(\"discount_code, expected_message\", [\n        (config_checkout.VALID_DISCOUNT_CODE, config_checkout.EXPECTED_SUCCESS_APPLY_CODE),\n        (config_checkout.INVALID_DISCOUNT_CODE, config_checkout.EXPECTED_ERROR_INVALID_CODE),\n    ])\n    def test_apply_discount_code(self, discount_code, expected_message):\n        checkout_page = CheckoutPage(self.driver)\n        checkout_page.click_next_button()\n>       checkout_page.reveal_discount_code_section()\n\ncheckout_test.py:60: \n_ _ _ _ _ _ _ _ _ _ _ _ _ _ _ _ _ _ _ _ _ _ _ _ _ _ _ _ _ _ _ _ _ _ _ _ _ _ _ _\n..\\pages\\checkout_page.py:105: in reveal_discount_code_section\n    self.click(self.REVEL_DISCOUNT_CODE_BTN)\n..\\pages\\base_page.py:36: in click\n    el: WebElement = self.wait_for_element_clickable(*locator)\n..\\pages\\base_page.py:33: in wait_for_element_clickable\n    return self.wait.until(EC.element_to_be_clickable((by, value)))\n_ _ _ _ _ _ _ _ _ _ _ _ _ _ _ _ _ _ _ _ _ _ _ _ _ _ _ _ _ _ _ _ _ _ _ _ _ _ _ _\n\nself = <selenium.webdriver.support.wait.WebDriverWait (session=\"ac0785243834e5ac0bfbbfd7c339141a\")>\nmethod = <function element_to_be_clickable.<locals>._predicate at 0x000001B2F4C13100>\nmessage = ''\n\n    def until(self, method: Callable[[D], Union[Literal[False], T]], message: str = \"\") -> T:\n        \"\"\"Calls the method provided with the driver as an argument until the \\\n        return value does not evaluate to ``False``.\n    \n        :param method: callable(WebDriver)\n        :param message: optional message for :exc:`TimeoutException`\n        :returns: the result of the last call to `method`\n        :raises: :exc:`selenium.common.exceptions.TimeoutException` if timeout occurs\n        \"\"\"\n        screen = None\n        stacktrace = None\n    \n        end_time = time.monotonic() + self._timeout\n        while True:\n            try:\n                value = method(self._driver)\n                if value:\n                    return value\n            except self._ignored_exceptions as exc:\n                screen = getattr(exc, \"screen\", None)\n                stacktrace = getattr(exc, \"stacktrace\", None)\n            time.sleep(self._poll)\n            if time.monotonic() > end_time:\n                break\n>       raise TimeoutException(message, screen, stacktrace)\nE       selenium.common.exceptions.TimeoutException: Message:\n\n..\\.venv\\Lib\\site-packages\\selenium\\webdriver\\support\\wait.py:105: TimeoutException"}, "description": "Test to apply discount code and verify the result.", "steps": [{"name": "Click on the 'Next' button", "status": "passed", "start": 1709712912964, "stop": 1709712918132}, {"name": "Reveal the discount code section", "status": "broken", "statusDetails": {"message": "selenium.common.exceptions.TimeoutException: Message: \n\n", "trace": "  File \"C:\\Users\\benik\\PycharmProjects\\pythonAutomationStore\\.venv\\Lib\\site-packages\\allure_commons\\_allure.py\", line 192, in impl\n    return func(*a, **kw)\n           ^^^^^^^^^^^^^^\n  File \"C:\\Users\\benik\\PycharmProjects\\pythonAutomationStore\\pages\\checkout_page.py\", line 105, in reveal_discount_code_section\n    self.click(self.REVEL_DISCOUNT_CODE_BTN)\n  File \"C:\\Users\\benik\\PycharmProjects\\pythonAutomationStore\\pages\\base_page.py\", line 36, in click\n    el: WebElement = self.wait_for_element_clickable(*locator)\n                     ^^^^^^^^^^^^^^^^^^^^^^^^^^^^^^^^^^^^^^^^^\n  File \"C:\\Users\\benik\\PycharmProjects\\pythonAutomationStore\\pages\\base_page.py\", line 33, in wait_for_element_clickable\n    return self.wait.until(EC.element_to_be_clickable((by, value)))\n           ^^^^^^^^^^^^^^^^^^^^^^^^^^^^^^^^^^^^^^^^^^^^^^^^^^^^^^^^\n  File \"C:\\Users\\benik\\PycharmProjects\\pythonAutomationStore\\.venv\\Lib\\site-packages\\selenium\\webdriver\\support\\wait.py\", line 105, in until\n    raise TimeoutException(message, screen, stacktrace)\n"}, "start": 1709712918134, "stop": 1709712943184}], "attachments": [{"name": "screenshot", "source": "39979f30-f96a-4f51-8e49-5851ff8453d9-attachment.png", "type": "image/png"}], "parameters": [{"name": "discount_code", "value": "'20poff'"}, {"name": "expected_message", "value": "'Your coupon was successfully applied.'"}], "start": 1709712912964, "stop": 1709712943189, "uuid": "eef46353-e3f9-480a-bcd7-d86335e07e19", "historyId": "1e18d8343f2e1f59c614533d863c1dfe", "testCaseId": "12a3c3b3d2e8fa629293213253bfb8e2", "fullName": "checkout_test.TestCheckout#test_apply_discount_code", "labels": [{"name": "feature", "value": "Checkout"}, {"name": "tag", "value": "xdist_group(name='serial')"}, {"name": "suite", "value": "checkout_test"}, {"name": "subSuite", "value": "TestCheckout"}, {"name": "host", "value": "LAPTOP-EV98OK4E"}, {"name": "thread", "value": "17124-MainThread"}, {"name": "framework", "value": "pytest"}, {"name": "language", "value": "cpython3"}, {"name": "package", "value": "checkout_test"}]}