{"name": "test_password_change_fail", "status": "broken", "statusDetails": {"message": "selenium.common.exceptions.TimeoutException: Message: \nStacktrace:\n\tGetHandleVerifier [0x00007FF780AEAD22+56930]\n\t(No symbol) [0x00007FF780A5F622]\n\t(No symbol) [0x00007FF7809142E5]\n\t(No symbol) [0x00007FF7809598ED]\n\t(No symbol) [0x00007FF780959A2C]\n\t(No symbol) [0x00007FF78099A967]\n\t(No symbol) [0x00007FF78097BCDF]\n\t(No symbol) [0x00007FF7809981E2]\n\t(No symbol) [0x00007FF78097BA43]\n\t(No symbol) [0x00007FF78094D438]\n\t(No symbol) [0x00007FF78094E4D1]\n\tGetHandleVerifier [0x00007FF780E66AAD+3709933]\n\tGetHandleVerifier [0x00007FF780EBFFED+4075821]\n\tGetHandleVerifier [0x00007FF780EB817F+4043455]\n\tGetHandleVerifier [0x00007FF780B89756+706710]\n\t(No symbol) [0x00007FF780A6B8FF]\n\t(No symbol) [0x00007FF780A66AE4]\n\t(No symbol) [0x00007FF780A66C3C]\n\t(No symbol) [0x00007FF780A568F4]\n\tBaseThreadInitThunk [0x00007FFDD076257D+29]\n\tRtlUserThreadStart [0x00007FFDD1C8AA58+40]", "trace": "self = <tests.account_test.TestMyAccount object at 0x000002826761A270>\n\n    @pytest.fixture(autouse=True)\n    # pre steps before starting each test\n    def setup_login_test(self):\n        global top_bar_page\n        global login_page\n        global account_page\n        top_bar_page = TopBar(self.driver)\n        login_page = top_bar_page.click_login()\n>       top_bar_page.click_switch_dropdown_list_my_account()\n\naccount_test.py:26: \n_ _ _ _ _ _ _ _ _ _ _ _ _ _ _ _ _ _ _ _ _ _ _ _ _ _ _ _ _ _ _ _ _ _ _ _ _ _ _ _\n..\\pages\\top_bar.py:79: in click_switch_dropdown_list_my_account\n    self.click(self.SWITCH_DROP_LIST_BTN)\n..\\pages\\base_page.py:36: in click\n    el: WebElement = self.wait_for_element_clickable(*locator)\n..\\pages\\base_page.py:33: in wait_for_element_clickable\n    return self.wait.until(EC.element_to_be_clickable((by, value)))\n_ _ _ _ _ _ _ _ _ _ _ _ _ _ _ _ _ _ _ _ _ _ _ _ _ _ _ _ _ _ _ _ _ _ _ _ _ _ _ _\n\nself = <selenium.webdriver.support.wait.WebDriverWait (session=\"7901296e1128d594a78090c141dc1d9c\")>\nmethod = <function element_to_be_clickable.<locals>._predicate at 0x000002826758ECA0>\nmessage = ''\n\n    def until(self, method: Callable[[D], Union[Literal[False], T]], message: str = \"\") -> T:\n        \"\"\"Calls the method provided with the driver as an argument until the \\\n        return value does not evaluate to ``False``.\n    \n        :param method: callable(WebDriver)\n        :param message: optional message for :exc:`TimeoutException`\n        :returns: the result of the last call to `method`\n        :raises: :exc:`selenium.common.exceptions.TimeoutException` if timeout occurs\n        \"\"\"\n        screen = None\n        stacktrace = None\n    \n        end_time = time.monotonic() + self._timeout\n        while True:\n            try:\n                value = method(self._driver)\n                if value:\n                    return value\n            except self._ignored_exceptions as exc:\n                screen = getattr(exc, \"screen\", None)\n                stacktrace = getattr(exc, \"stacktrace\", None)\n            time.sleep(self._poll)\n            if time.monotonic() > end_time:\n                break\n>       raise TimeoutException(message, screen, stacktrace)\nE       selenium.common.exceptions.TimeoutException: Message: \nE       Stacktrace:\nE       \tGetHandleVerifier [0x00007FF780AEAD22+56930]\nE       \t(No symbol) [0x00007FF780A5F622]\nE       \t(No symbol) [0x00007FF7809142E5]\nE       \t(No symbol) [0x00007FF7809598ED]\nE       \t(No symbol) [0x00007FF780959A2C]\nE       \t(No symbol) [0x00007FF78099A967]\nE       \t(No symbol) [0x00007FF78097BCDF]\nE       \t(No symbol) [0x00007FF7809981E2]\nE       \t(No symbol) [0x00007FF78097BA43]\nE       \t(No symbol) [0x00007FF78094D438]\nE       \t(No symbol) [0x00007FF78094E4D1]\nE       \tGetHandleVerifier [0x00007FF780E66AAD+3709933]\nE       \tGetHandleVerifier [0x00007FF780EBFFED+4075821]\nE       \tGetHandleVerifier [0x00007FF780EB817F+4043455]\nE       \tGetHandleVerifier [0x00007FF780B89756+706710]\nE       \t(No symbol) [0x00007FF780A6B8FF]\nE       \t(No symbol) [0x00007FF780A66AE4]\nE       \t(No symbol) [0x00007FF780A66C3C]\nE       \t(No symbol) [0x00007FF780A568F4]\nE       \tBaseThreadInitThunk [0x00007FFDD076257D+29]\nE       \tRtlUserThreadStart [0x00007FFDD1C8AA58+40]\n\n..\\.venv\\Lib\\site-packages\\selenium\\webdriver\\support\\wait.py:105: TimeoutException"}, "attachments": [{"name": "screenshot", "source": "f5951f91-ae75-453b-8a41-95dff5f51847-attachment.png", "type": "image/png"}], "start": 1709708352530, "stop": 1709708352530, "uuid": "6f0719a4-8e1e-41e5-b557-27c0009c347b", "historyId": "85cb4aaac8758bb16d61125b84d1e525", "testCaseId": "85cb4aaac8758bb16d61125b84d1e525", "fullName": "account_test.TestMyAccount#test_password_change_fail", "labels": [{"name": "feature", "value": "Cart"}, {"name": "suite", "value": "account_test"}, {"name": "subSuite", "value": "TestMyAccount"}, {"name": "host", "value": "LAPTOP-EV98OK4E"}, {"name": "thread", "value": "12632-MainThread"}, {"name": "framework", "value": "pytest"}, {"name": "language", "value": "cpython3"}, {"name": "package", "value": "account_test"}]}