{"name": "test_end_2_end_purchase_with_exist_account", "status": "broken", "statusDetails": {"message": "selenium.common.exceptions.TimeoutException: Message:", "trace": "self = <tests.e2e_test.TestE2E object at 0x000001B2F4BFE0C0>\n\n    @pytest.mark.xdist_group(name=\"serial\")\n    def test_end_2_end_purchase_with_exist_account(self):\n        top_bar_page = TopBar(self.driver)\n        login_page = top_bar_page.click_login()\n        login_page.fill_info(config_login.VALID_USERNAME, config_login.VALID_PASSWORD)\n        product_page = ProductPage(self.driver)\n        product_page.driver.get(config_cart.PRODUCT_PAGE_URL)\n        product_page.choose_product_size(config_cart.PRODUCT_SIZE)\n        product_page.choose_product_color(config_cart.PRODUCT_COLOR)\n        product_page.click_add_to_cart()\n        time.sleep(2)\n        top_bar = TopBar(self.driver)\n        top_bar.click_cart_icon()\n        mini_cart = MiniCartPage(self.driver)\n        mini_cart.click_proceed_checkout()\n        checkout_page = CheckoutPage(self.driver)\n        checkout_page.click_next_button()\n        checkout_page.reveal_discount_code_section()\n        checkout_page.apply_discount_code(config_checkout.VALID_DISCOUNT_CODE)\n        checkout_page.click_place_order()\n>       assert checkout_page.get_purchase_msg() == config_checkout.EXPECTED_SUCCESS_PURCHASE_MSG\n\ne2e_test.py:66: \n_ _ _ _ _ _ _ _ _ _ _ _ _ _ _ _ _ _ _ _ _ _ _ _ _ _ _ _ _ _ _ _ _ _ _ _ _ _ _ _\n..\\pages\\checkout_page.py:94: in get_purchase_msg\n    self.wait_for_element_invisibility(*self.CHECKOUT_PAGE_LOADER)\n..\\pages\\base_page.py:30: in wait_for_element_invisibility\n    return self.wait.until(EC.invisibility_of_element((by, value)))\n_ _ _ _ _ _ _ _ _ _ _ _ _ _ _ _ _ _ _ _ _ _ _ _ _ _ _ _ _ _ _ _ _ _ _ _ _ _ _ _\n\nself = <selenium.webdriver.support.wait.WebDriverWait (session=\"142a2119092a17b9dbf057ebcef5e9fa\")>\nmethod = <function invisibility_of_element_located.<locals>._predicate at 0x000001B2F4DBEA20>\nmessage = ''\n\n    def until(self, method: Callable[[D], Union[Literal[False], T]], message: str = \"\") -> T:\n        \"\"\"Calls the method provided with the driver as an argument until the \\\n        return value does not evaluate to ``False``.\n    \n        :param method: callable(WebDriver)\n        :param message: optional message for :exc:`TimeoutException`\n        :returns: the result of the last call to `method`\n        :raises: :exc:`selenium.common.exceptions.TimeoutException` if timeout occurs\n        \"\"\"\n        screen = None\n        stacktrace = None\n    \n        end_time = time.monotonic() + self._timeout\n        while True:\n            try:\n                value = method(self._driver)\n                if value:\n                    return value\n            except self._ignored_exceptions as exc:\n                screen = getattr(exc, \"screen\", None)\n                stacktrace = getattr(exc, \"stacktrace\", None)\n            time.sleep(self._poll)\n            if time.monotonic() > end_time:\n                break\n>       raise TimeoutException(message, screen, stacktrace)\nE       selenium.common.exceptions.TimeoutException: Message:\n\n..\\.venv\\Lib\\site-packages\\selenium\\webdriver\\support\\wait.py:105: TimeoutException"}, "description": "E2E test", "steps": [{"name": "Click on the login button", "status": "passed", "start": 1709713280008, "stop": 1709713281255}, {"name": "Fill login information - Email: 'benikun88@gmail.com', Password: '1q2w3e4r!'", "status": "passed", "parameters": [{"name": "email", "value": "'benikun88@gmail.com'"}, {"name": "password", "value": "'1q2w3e4r!'"}], "start": 1709713281255, "stop": 1709713284028}, {"name": "Click on the shopping cart icon", "status": "passed", "start": 1709713290175, "stop": 1709713290354}, {"name": "Click 'Proceed to Checkout' button in the mini cart", "status": "passed", "start": 1709713290354, "stop": 1709713292008}, {"name": "Click on the 'Next' button", "status": "passed", "start": 1709713292008, "stop": 1709713297054}, {"name": "Reveal the discount code section", "status": "passed", "start": 1709713297054, "stop": 1709713302169}, {"name": "Apply a discount code: '20poff'", "status": "passed", "parameters": [{"name": "discount_code", "value": "'20poff'"}], "start": 1709713302169, "stop": 1709713302421}, {"name": "Place the order", "status": "passed", "start": 1709713302421, "stop": 1709713305868}, {"name": "Check if purchase succeeded", "status": "broken", "statusDetails": {"message": "selenium.common.exceptions.TimeoutException: Message: \n\n", "trace": "  File \"C:\\Users\\benik\\PycharmProjects\\pythonAutomationStore\\.venv\\Lib\\site-packages\\allure_commons\\_allure.py\", line 192, in impl\n    return func(*a, **kw)\n           ^^^^^^^^^^^^^^\n  File \"C:\\Users\\benik\\PycharmProjects\\pythonAutomationStore\\pages\\checkout_page.py\", line 94, in get_purchase_msg\n    self.wait_for_element_invisibility(*self.CHECKOUT_PAGE_LOADER)\n  File \"C:\\Users\\benik\\PycharmProjects\\pythonAutomationStore\\pages\\base_page.py\", line 30, in wait_for_element_invisibility\n    return self.wait.until(EC.invisibility_of_element((by, value)))\n           ^^^^^^^^^^^^^^^^^^^^^^^^^^^^^^^^^^^^^^^^^^^^^^^^^^^^^^^^\n  File \"C:\\Users\\benik\\PycharmProjects\\pythonAutomationStore\\.venv\\Lib\\site-packages\\selenium\\webdriver\\support\\wait.py\", line 105, in until\n    raise TimeoutException(message, screen, stacktrace)\n"}, "start": 1709713305868, "stop": 1709713325949}], "attachments": [{"name": "screenshot", "source": "74811e98-5a27-424d-be4b-58c29c90f675-attachment.png", "type": "image/png"}], "start": 1709713280008, "stop": 1709713325949, "uuid": "4e56748f-bfed-4980-b419-d5879de9fdc1", "historyId": "44035555a504d61fa4852da6f3875120", "testCaseId": "44035555a504d61fa4852da6f3875120", "fullName": "e2e_test.TestE2E#test_end_2_end_purchase_with_exist_account", "labels": [{"name": "feature", "value": "E2E"}, {"name": "tag", "value": "xdist_group(name='serial')"}, {"name": "suite", "value": "e2e_test"}, {"name": "subSuite", "value": "TestE2E"}, {"name": "host", "value": "LAPTOP-EV98OK4E"}, {"name": "thread", "value": "17124-MainThread"}, {"name": "framework", "value": "pytest"}, {"name": "language", "value": "cpython3"}, {"name": "package", "value": "e2e_test"}]}